<?xml version="1.0" encoding="UTF-8"?>
<testng-results ignored="0" total="1" passed="1" failed="0" skipped="0">
  <reporter-output>
  </reporter-output>
  <suite started-at="2022-12-12T18:14:59 IST" name="Default suite" finished-at="2022-12-12T18:16:05 IST" duration-ms="65884">
    <groups>
      <group name="cucumber">
        <method signature="AbstractTestNGCucumberTests.runScenario(io.cucumber.testng.PickleWrapper,io.cucumber.testng.FeatureWrapper)[pri:0, instance:com.teststore.testrunner.TestStorerunner@689604d9]" name="runScenario" class="io.cucumber.testng.AbstractTestNGCucumberTests"/>
      </group> <!-- cucumber -->
    </groups>
    <test started-at="2022-12-12T18:14:59 IST" name="Default test" finished-at="2022-12-12T18:16:05 IST" duration-ms="65884">
      <class name="com.teststore.testrunner.TestStorerunner">
        <test-method is-config="true" signature="setUpClass(org.testng.ITestContext)[pri:0, instance:com.teststore.testrunner.TestStorerunner@689604d9]" started-at="2022-12-12T18:14:59 IST" name="setUpClass" finished-at="2022-12-12T18:14:59 IST" duration-ms="175" status="PASS">
          <params>
            <param index="0">
              <value>
                <![CDATA[org.testng.TestRunner@4c6fc3e7]]>
              </value>
            </param>
          </params>
          <reporter-output>
          </reporter-output>
        </test-method> <!-- setUpClass -->
        <test-method signature="runScenario(io.cucumber.testng.PickleWrapper,io.cucumber.testng.FeatureWrapper)[pri:0, instance:com.teststore.testrunner.TestStorerunner@689604d9]" started-at="2022-12-12T18:14:59 IST" name="runScenario" description="Runs Cucumber Scenarios" data-provider="scenarios" finished-at="2022-12-12T18:16:05 IST" duration-ms="65660" status="PASS">
          <params>
            <param index="0">
              <value>
                <![CDATA["Validate user is able to purchase jacket successfully"]]>
              </value>
            </param>
            <param index="1">
              <value>
                <![CDATA["Validate user is able to purchase the product successfully"]]>
              </value>
            </param>
          </params>
          <reporter-output>
          </reporter-output>
        </test-method> <!-- runScenario -->
        <test-method is-config="true" signature="tearDownClass()[pri:0, instance:com.teststore.testrunner.TestStorerunner@689604d9]" started-at="2022-12-12T18:16:05 IST" name="tearDownClass" finished-at="2022-12-12T18:16:05 IST" duration-ms="19" status="PASS">
          <reporter-output>
          </reporter-output>
        </test-method> <!-- tearDownClass -->
      </class> <!-- com.teststore.testrunner.TestStorerunner -->
    </test> <!-- Default test -->
  </suite> <!-- Default suite -->
</testng-results>
